[      56ms] [ERROR] Failed to load resource: net::ERR_CONNECTION_REFUSED @ https://www.googletagmanager.com/gtag/js?id=G-THJ7CFBYVZ:0
[    2145ms] [ERROR] Failed to load resource: net::ERR_CONNECTION_REFUSED @ https://cdn.signalfx.com/o11y-gdi-rum/latest/splunk-otel-web.js:0
[    2147ms] ReferenceError: SplunkRum is not defined
    at https://iciwebs.wufoo.com/embed/zqftxf31v3ze9w?embedKey=zqftxf31v3ze9w334788&entsource=&referrer=:22:9
[    2958ms] [LOG] JQMIGRATE: Migrate is installed, version 1.4.1 @ https://code.jquery.com/jquery-migrate-1.4.1.min.js:1
[    3885ms] [ERROR] Failed to load resource: the server responded with a status of 404 (Not Found) @ http://localhost:4321/favicon.ico:0
[   14111ms] [ERROR] Failed to load resource: net::ERR_CONNECTION_REFUSED @ https://www.googletagmanager.com/gtag/js?id=G-THJ7CFBYVZ:0
[   14917ms] [ERROR] Failed to load resource: net::ERR_CONNECTION_REFUSED @ https://cdn.signalfx.com/o11y-gdi-rum/latest/splunk-otel-web.js:0
[   14925ms] ReferenceError: SplunkRum is not defined
    at https://iciwebs.wufoo.com/embed/zqftxf31v3ze9w?embedKey=zqftxf31v3ze9w96947&entsource=&referrer=:22:9
[   15748ms] [LOG] JQMIGRATE: Migrate is installed, version 1.4.1 @ https://code.jquery.com/jquery-migrate-1.4.1.min.js:1
[   24168ms] [ERROR] Failed to load resource: net::ERR_CONNECTION_REFUSED @ https://www.googletagmanager.com/gtag/js?id=G-THJ7CFBYVZ:0
[   25206ms] [ERROR] Failed to load resource: net::ERR_CONNECTION_REFUSED @ https://cdn.signalfx.com/o11y-gdi-rum/latest/splunk-otel-web.js:0
[   25212ms] ReferenceError: SplunkRum is not defined
    at https://iciwebs.wufoo.com/embed/zqftxf31v3ze9w?embedKey=zqftxf31v3ze9w549295&entsource=&referrer=http%3Awuslashwuslashlocalhost%3A4321wuslash:22:9
[   25954ms] [LOG] JQMIGRATE: Migrate is installed, version 1.4.1 @ https://code.jquery.com/jquery-migrate-1.4.1.min.js:1
[   32815ms] [ERROR] Failed to load resource: net::ERR_CONNECTION_REFUSED @ https://www.googletagmanager.com/gtag/js?id=G-THJ7CFBYVZ:0
[   33533ms] [ERROR] Failed to load resource: net::ERR_CONNECTION_REFUSED @ https://cdn.signalfx.com/o11y-gdi-rum/latest/splunk-otel-web.js:0
[   33540ms] ReferenceError: SplunkRum is not defined
    at https://iciwebs.wufoo.com/embed/zqftxf31v3ze9w?embedKey=zqftxf31v3ze9w185889&entsource=&referrer=:22:9
[   34379ms] [LOG] JQMIGRATE: Migrate is installed, version 1.4.1 @ https://code.jquery.com/jquery-migrate-1.4.1.min.js:1
[   35019ms] [ERROR] Failed to load resource: net::ERR_CONNECTION_REFUSED @ https://www.googletagmanager.com/gtag/js?id=G-THJ7CFBYVZ:0
[   36144ms] [ERROR] Failed to load resource: net::ERR_CONNECTION_REFUSED @ https://cdn.signalfx.com/o11y-gdi-rum/latest/splunk-otel-web.js:0
[   36151ms] ReferenceError: SplunkRum is not defined
    at https://iciwebs.wufoo.com/embed/zqftxf31v3ze9w?embedKey=zqftxf31v3ze9w938508&entsource=&referrer=http%3Awuslashwuslashlocalhost%3A4321wuslash:22:9
[   36887ms] [LOG] JQMIGRATE: Migrate is installed, version 1.4.1 @ https://code.jquery.com/jquery-migrate-1.4.1.min.js:1
[   36998ms] [ERROR] Framing 'https://www.recaptcha.net/' violates the following report-only Content Security Policy directive: "frame-ancestors 'self'". The violation has been logged, but no further action has been taken.
 @ :0
[   36998ms] [ERROR] Framing 'https://www.recaptcha.net/' violates the following report-only Content Security Policy directive: "frame-ancestors 'self'". The violation has been logged, but no further action has been taken.
 @ :0
[   37014ms] [ERROR] Failed to load resource: net::ERR_CONNECTION_REFUSED @ https://csp.withgoogle.com/csp/frame-ancestors/38fac9d5b82543fc4729580d18ff2d3d:0
[   37014ms] [ERROR] Failed to load resource: net::ERR_CONNECTION_REFUSED @ https://csp.withgoogle.com/csp/frame-ancestors/38fac9d5b82543fc4729580d18ff2d3d:0
[   43078ms] [ERROR] Failed to load resource: net::ERR_CONNECTION_REFUSED @ https://www.googletagmanager.com/gtag/js?id=G-THJ7CFBYVZ:0
[   43796ms] [ERROR] Failed to load resource: net::ERR_CONNECTION_REFUSED @ https://cdn.signalfx.com/o11y-gdi-rum/latest/splunk-otel-web.js:0
[   43803ms] ReferenceError: SplunkRum is not defined
    at https://iciwebs.wufoo.com/embed/zqftxf31v3ze9w?embedKey=zqftxf31v3ze9w756927&entsource=&referrer=:22:9
[   44614ms] [LOG] JQMIGRATE: Migrate is installed, version 1.4.1 @ https://code.jquery.com/jquery-migrate-1.4.1.min.js:1
